<?xml version="1.0" encoding="UTF-8"?>
<!-- Generated by org.testng.reporters.JUnitReportReporter -->
<testsuite skipped="0" hostname="DESKTOP-TGVAJOM" name="com.testng.PriorityTestcase" tests="3" failures="0" timestamp="04 Jun 2020 03:07:38 GMT" time="0.049" errors="0">
  <testcase name="testcase3" time="0.030" classname="com.testng.PriorityTestcase"/>
  <testcase name="testcase1" time="0.005" classname="com.testng.PriorityTestcase"/>
  <testcase name="testcase2" time="0.014" classname="com.testng.PriorityTestcase"/>
</testsuite> <!-- com.testng.PriorityTestcase -->
