<?xml version="1.0" encoding="UTF-8"?>
<!-- Generated by org.testng.reporters.JUnitReportReporter -->
<testsuite skipped="0" hostname="DESKTOP-TGVAJOM" name="com.testng.ParciallTestcase1$ParallelExecution1" tests="3" failures="0" timestamp="04 Jun 2020 03:12:28 GMT" time="0.032" errors="0">
  <testcase name="testcase6" time="0.010" classname="com.testng.ParciallTestcase1$ParallelExecution1"/>
  <testcase name="testcase4" time="0.019" classname="com.testng.ParciallTestcase1$ParallelExecution1"/>
  <testcase name="testcase5" time="0.003" classname="com.testng.ParciallTestcase1$ParallelExecution1"/>
</testsuite> <!-- com.testng.ParciallTestcase1$ParallelExecution1 -->
