<?xml version="1.0" encoding="UTF-8"?>
<!-- Generated by org.testng.reporters.JUnitReportReporter -->
<testsuite skipped="0" hostname="DESKTOP-TGVAJOM" name="com.testng.TestCase" tests="3" failures="0" timestamp="03 Jun 2020 17:52:08 GMT" time="0.056" errors="0">
  <testcase name="testcase3" time="0.009" classname="com.testng.TestCase"/>
  <testcase name="testcae1" time="0.027" classname="com.testng.TestCase"/>
  <testcase name="testcase2" time="0.020" classname="com.testng.TestCase"/>
</testsuite> <!-- com.testng.TestCase -->
